0 info it worked if it ends with ok
1 verbose cli [ '/Users/reven/.nvm/versions/node/v4.2.4/bin/node',
1 verbose cli   '/Users/reven/.nvm/versions/node/v4.2.4/bin/npm',
1 verbose cli   'run',
1 verbose cli   'demo4' ]
2 info using npm@2.14.12
3 info using node@v4.2.4
4 verbose run-script [ 'predemo4', 'demo4', 'postdemo4' ]
5 info predemo4 redux-source-code-chewing@1.0.0
6 info demo4 redux-source-code-chewing@1.0.0
7 verbose unsafe-perm in lifecycle true
8 info redux-source-code-chewing@1.0.0 Failed to exec demo4 script
9 verbose stack Error: redux-source-code-chewing@1.0.0 demo4: `babel-node demo4/index.js`
9 verbose stack Exit status 1
9 verbose stack     at EventEmitter.<anonymous> (/Users/reven/.nvm/versions/node/v4.2.4/lib/node_modules/npm/lib/utils/lifecycle.js:214:16)
9 verbose stack     at emitTwo (events.js:87:13)
9 verbose stack     at EventEmitter.emit (events.js:172:7)
9 verbose stack     at ChildProcess.<anonymous> (/Users/reven/.nvm/versions/node/v4.2.4/lib/node_modules/npm/lib/utils/spawn.js:24:14)
9 verbose stack     at emitTwo (events.js:87:13)
9 verbose stack     at ChildProcess.emit (events.js:172:7)
9 verbose stack     at maybeClose (internal/child_process.js:818:16)
9 verbose stack     at Process.ChildProcess._handle.onexit (internal/child_process.js:211:5)
10 verbose pkgid redux-source-code-chewing@1.0.0
11 verbose cwd /Users/reven/Other-Pro/redux-source-code-chewing
12 error Darwin 16.6.0
13 error argv "/Users/reven/.nvm/versions/node/v4.2.4/bin/node" "/Users/reven/.nvm/versions/node/v4.2.4/bin/npm" "run" "demo4"
14 error node v4.2.4
15 error npm  v2.14.12
16 error code ELIFECYCLE
17 error redux-source-code-chewing@1.0.0 demo4: `babel-node demo4/index.js`
17 error Exit status 1
18 error Failed at the redux-source-code-chewing@1.0.0 demo4 script 'babel-node demo4/index.js'.
18 error This is most likely a problem with the redux-source-code-chewing package,
18 error not with npm itself.
18 error Tell the author that this fails on your system:
18 error     babel-node demo4/index.js
18 error You can get their info via:
18 error     npm owner ls redux-source-code-chewing
18 error There is likely additional logging output above.
19 verbose exit [ 1, true ]
