Arguments: 
  /Users/reven/.nvm/versions/node/v6.10.3/bin/node /usr/local/bin/yarn add react-scripts

PATH: 
  /Users/reven/.nvm/versions/node/v6.10.3/bin:/usr/local/bin:/usr/local/bin:/opt/subversion/bin/:/opt/local/bin:/opt/local/sbin:/usr/local/bin:/usr/bin:/bin:/usr/sbin:/sbin

Yarn version: 
  0.17.0

Node version: 
  6.10.3

Platform: 
  darwin x64

npm manifest: 
  {
    "name": "redux-source-code-chewing",
    "version": "1.0.0",
    "description": "the analysis of redux source code",
    "main": "index.js",
    "scripts": {
      "demo1": "babel-node demo1/index.js"
    },
    "repository": {
      "type": "git",
      "url": "git+https://github.com/pobusama/redux-source-code-chewing.git"
    },
    "keywords": [
      "redux",
      "sourcecode"
    ],
    "author": "pobusama@gmail.com",
    "license": "ISC",
    "bugs": {
      "url": "https://github.com/pobusama/redux-source-code-chewing/issues"
    },
    "homepage": "https://github.com/pobusama/redux-source-code-chewing#readme",
    "dependencies": {
      "babel-cli": "^6.24.1",
      "redux": "^3.7.2"
    },
    "devDependencies": {
      "babel-preset-es2015": "^6.24.1",
      "babel-preset-stage-0": "^6.24.1"
    }
  }

yarn manifest: 
  No manifest

Lockfile: 
  No lockfile

Trace: 
  Error: read ETIMEDOUT
      at exports._errnoException (util.js:1018:11)
      at TLSWrap.onread (net.js:568:26)
